<?xml version="1.0" encoding="UTF-8"?>
<!-- Generated by org.testng.reporters.JUnitXMLReporter -->
<testsuite hostname="NJ-PC" ignored="2" name="Test" tests="6" failures="4" timestamp="03 Feb 2019 13:37:21 GMT" time="0.099" errors="0">
  <testcase name="funcTest1" time="0.013" classname="com.withTestNG.Test1"/>
  <testcase name="funcTest2" time="0.004" classname="com.withTestNG.Test1">
    <failure type="java.lang.AssertionError" message="expected [Yogi] but found [Yogesh]">
      <![CDATA[java.lang.AssertionError: expected [Yogi] but found [Yogesh]
at com.withTestNG.Test1.funcTest2(Test1.java:17)
... Removed 31 stack frames]]>
    </failure>
  </testcase> <!-- funcTest2 -->
  <testcase name="funcTest3" time="0.002" classname="com.withTestNG.Test1">
    <failure type="java.lang.AssertionError" message="null">
      <![CDATA[java.lang.AssertionError: null
at com.withTestNG.Test1.funcTest3(Test1.java:25)
... Removed 28 stack frames]]>
    </failure>
  </testcase> <!-- funcTest3 -->
  <testcase name="func2Test1" time="0.001" classname="com.withTestNG.Test2"/>
  <testcase name="func2Test2" time="0.002" classname="com.withTestNG.Test2">
    <failure type="java.lang.AssertionError" message="expected [Yogi] but found [Yogesh]">
      <![CDATA[java.lang.AssertionError: expected [Yogi] but found [Yogesh]
at com.withTestNG.Test2.func2Test2(Test2.java:17)
... Removed 31 stack frames]]>
    </failure>
  </testcase> <!-- func2Test2 -->
  <testcase name="func2Test3" time="0.003" classname="com.withTestNG.Test2">
    <failure type="java.lang.AssertionError" message="null">
      <![CDATA[java.lang.AssertionError: null
at com.withTestNG.Test2.func2Test3(Test2.java:25)
... Removed 28 stack frames]]>
    </failure>
  </testcase> <!-- func2Test3 -->
  <testcase name="@AfterSuite tearDown" time="0.0" classname="com.withTestNG.BaseTest">
    <ignored/>
  </testcase> <!-- @AfterSuite tearDown -->
  <testcase name="@BeforeSuite setup" time="0.0" classname="com.withTestNG.BaseTest">
    <ignored/>
  </testcase> <!-- @BeforeSuite setup -->
</testsuite> <!-- Test -->
